Using pre-set license
Built from '2020.3/release' branch; Version is '2020.3.7f1 (dd97f2c94397) revision 14522354'; Using compiler version '192528614'; Build Type 'Release'
OS: 'Windows 10 Home Single Language; OS build 22000.434; Version 2009; 64bit' Language: 'pt' Physical Memory: 7952 MB
BatchMode: 1, IsHumanControllingUs: 0, StartBugReporterOnCrash: 0, Is64bit: 1, IsPro: 0

 COMMAND LINE ARGUMENTS:
C:\Program Files\Unity\Hub\Editor\2020.3.7f1\Editor\Unity.exe
-adb2
-batchMode
-noUpm
-name
AssetImportWorker1
-projectPath
C:/Users/ivonp/Dev/Game-TP/Game
-logFile
Logs/AssetImportWorker1.log
-srvPort
49803
Successfully changed project path to: C:/Users/ivonp/Dev/Game-TP/Game
C:/Users/ivonp/Dev/Game-TP/Game
Using Asset Import Pipeline V2.
Refreshing native plugins compatible for Editor in 71.49 ms, found 0 plugins.
Preloading 0 native plugins for Editor in 0.00 ms.
Initialize engine version: 2020.3.7f1 (dd97f2c94397)
[Subsystems] Discovering subsystems at path C:/Program Files/Unity/Hub/Editor/2020.3.7f1/Editor/Data/Resources/UnitySubsystems
[Subsystems] Discovering subsystems at path C:/Users/ivonp/Dev/Game-TP/Game/Assets
GfxDevice: creating device client; threaded=0
Direct3D:
    Version:  Direct3D 11.0 [level 11.1]
    Renderer: NVIDIA GeForce MX350 (ID=0x1c94)
    Vendor:   
    VRAM:     1979 MB
    Driver:   30.0.14.7141
Initialize mono
Mono path[0] = 'C:/Program Files/Unity/Hub/Editor/2020.3.7f1/Editor/Data/Managed'
Mono path[1] = 'C:/Program Files/Unity/Hub/Editor/2020.3.7f1/Editor/Data/MonoBleedingEdge/lib/mono/unityjit'
Mono config path = 'C:/Program Files/Unity/Hub/Editor/2020.3.7f1/Editor/Data/MonoBleedingEdge/etc'
Using monoOptions --debugger-agent=transport=dt_socket,embedding=1,server=y,suspend=n,address=127.0.0.1:56880
Begin MonoManager ReloadAssembly
Registering precompiled unity dll's ...
Register platform support module: C:/Program Files/Unity/Hub/Editor/2020.3.7f1/Editor/Data/PlaybackEngines/WebGLSupport/UnityEditor.WebGL.Extensions.dll
Register platform support module: C:/Program Files/Unity/Hub/Editor/2020.3.7f1/Editor/Data/PlaybackEngines/WindowsStandaloneSupport/UnityEditor.WindowsStandalone.Extensions.dll
Registered in 0.006370 seconds.
Native extension for WindowsStandalone target not found
Native extension for WebGL target not found
Refreshing native plugins compatible for Editor in 76.40 ms, found 0 plugins.
Preloading 0 native plugins for Editor in 0.00 ms.
Mono: successfully reloaded assembly
- Completed reload, in  4.773 seconds
Platform modules already initialized, skipping
Registering precompiled user dll's ...
Registered in 0.001468 seconds.
Begin MonoManager ReloadAssembly
Native extension for WindowsStandalone target not found
Native extension for WebGL target not found
Refreshing native plugins compatible for Editor in 0.61 ms, found 0 plugins.
Preloading 0 native plugins for Editor in 0.00 ms.
Mono: successfully reloaded assembly
- Completed reload, in  2.514 seconds
Platform modules already initialized, skipping
========================================================================
Worker process is ready to serve import requests
Launched and connected shader compiler UnityShaderCompiler.exe after 0.20 seconds
Refreshing native plugins compatible for Editor in 0.47 ms, found 0 plugins.
Preloading 0 native plugins for Editor in 0.00 ms.
Unloading 1219 Unused Serialized files (Serialized files now loaded: 0)
System memory in use before: 133.8 MB.
System memory in use after: 133.9 MB.

Unloading 10 unused Assets to reduce memory usage. Loaded Objects now: 1664.
Total: 4.137200 ms (FindLiveObjects: 0.279400 ms CreateObjectMapping: 0.095900 ms MarkObjects: 3.575000 ms  DeleteObjects: 0.183700 ms)

========================================================================
Received Import Request.
  path: Assets/Menu.unity
  artifactKey: Guid(ab9e7e0900800294e93a77ce48253ba5) Importer(815301076,1909f56bfc062723c751e8b465ee728b)
Start importing Assets/Menu.unity using Guid(ab9e7e0900800294e93a77ce48253ba5) Importer(815301076,1909f56bfc062723c751e8b465ee728b)  -> (artifact id: '987aee653c782b642368272662167e2d') in 0.032665 seconds
  Import took 0.037834 seconds .

========================================================================
Received Prepare
Registering precompiled user dll's ...
Registered in 0.001558 seconds.
Begin MonoManager ReloadAssembly
Native extension for WindowsStandalone target not found
Native extension for WebGL target not found
Refreshing native plugins compatible for Editor in 0.43 ms, found 0 plugins.
Preloading 0 native plugins for Editor in 0.00 ms.
Mono: successfully reloaded assembly
- Completed reload, in  1.783 seconds
Platform modules already initialized, skipping
Refreshing native plugins compatible for Editor in 0.40 ms, found 0 plugins.
Preloading 0 native plugins for Editor in 0.00 ms.
Unloading 1201 Unused Serialized files (Serialized files now loaded: 0)
System memory in use before: 132.5 MB.
System memory in use after: 132.6 MB.

Unloading 5 unused Assets to reduce memory usage. Loaded Objects now: 1667.
Total: 2.866200 ms (FindLiveObjects: 0.227100 ms CreateObjectMapping: 0.068200 ms MarkObjects: 2.459400 ms  DeleteObjects: 0.109100 ms)

========================================================================
Received Prepare
Registering precompiled user dll's ...
Registered in 0.000809 seconds.
Begin MonoManager ReloadAssembly
Native extension for WindowsStandalone target not found
Native extension for WebGL target not found
Refreshing native plugins compatible for Editor in 0.24 ms, found 0 plugins.
Preloading 0 native plugins for Editor in 0.00 ms.
Mono: successfully reloaded assembly
- Completed reload, in  0.844 seconds
Platform modules already initialized, skipping
Refreshing native plugins compatible for Editor in 0.34 ms, found 0 plugins.
Preloading 0 native plugins for Editor in 0.00 ms.
Unloading 1201 Unused Serialized files (Serialized files now loaded: 0)
System memory in use before: 132.5 MB.
System memory in use after: 132.6 MB.

Unloading 5 unused Assets to reduce memory usage. Loaded Objects now: 1670.
Total: 1.613200 ms (FindLiveObjects: 0.151800 ms CreateObjectMapping: 0.039000 ms MarkObjects: 1.336900 ms  DeleteObjects: 0.083000 ms)

========================================================================
Received Prepare
Registering precompiled user dll's ...
Registered in 0.002292 seconds.
Begin MonoManager ReloadAssembly
Native extension for WindowsStandalone target not found
Native extension for WebGL target not found
Refreshing native plugins compatible for Editor in 0.42 ms, found 0 plugins.
Preloading 0 native plugins for Editor in 0.00 ms.
Mono: successfully reloaded assembly
- Completed reload, in  2.007 seconds
Platform modules already initialized, skipping
Refreshing native plugins compatible for Editor in 0.44 ms, found 0 plugins.
Preloading 0 native plugins for Editor in 0.00 ms.
Unloading 1201 Unused Serialized files (Serialized files now loaded: 0)
System memory in use before: 132.5 MB.
System memory in use after: 132.6 MB.

Unloading 5 unused Assets to reduce memory usage. Loaded Objects now: 1673.
Total: 3.742100 ms (FindLiveObjects: 0.375800 ms CreateObjectMapping: 0.132000 ms MarkObjects: 3.105000 ms  DeleteObjects: 0.125600 ms)

========================================================================
Received Prepare
Registering precompiled user dll's ...
Registered in 0.001974 seconds.
Begin MonoManager ReloadAssembly
Native extension for WindowsStandalone target not found
Native extension for WebGL target not found
Refreshing native plugins compatible for Editor in 0.75 ms, found 0 plugins.
Preloading 0 native plugins for Editor in 0.00 ms.
Mono: successfully reloaded assembly
- Completed reload, in  2.038 seconds
Platform modules already initialized, skipping
Refreshing native plugins compatible for Editor in 0.86 ms, found 0 plugins.
Preloading 0 native plugins for Editor in 0.00 ms.
Unloading 1201 Unused Serialized files (Serialized files now loaded: 0)
System memory in use before: 132.5 MB.
System memory in use after: 132.6 MB.

Unloading 5 unused Assets to reduce memory usage. Loaded Objects now: 1676.
Total: 7.408000 ms (FindLiveObjects: 1.596400 ms CreateObjectMapping: 0.444200 ms MarkObjects: 5.190600 ms  DeleteObjects: 0.170200 ms)

========================================================================
Received Import Request.
  Time since last request: 496.853090 seconds.
  path: Assets/Game.unity
  artifactKey: Guid(2e96ba9e5beee3d41bfb9bfb55be753c) Importer(815301076,1909f56bfc062723c751e8b465ee728b)
Start importing Assets/Game.unity using Guid(2e96ba9e5beee3d41bfb9bfb55be753c) Importer(815301076,1909f56bfc062723c751e8b465ee728b)  -> (artifact id: '0010bdd21c5ecbc2401659e0ccb33951') in 0.021190 seconds
  Import took 0.024270 seconds .

========================================================================
Received Import Request.
  Time since last request: 0.000428 seconds.
  path: Assets/Game.unity
  artifactKey: Guid(2e96ba9e5beee3d41bfb9bfb55be753c) Importer(815301076,1909f56bfc062723c751e8b465ee728b)
Start importing Assets/Game.unity using Guid(2e96ba9e5beee3d41bfb9bfb55be753c) Importer(815301076,1909f56bfc062723c751e8b465ee728b)  -> (artifact id: '0010bdd21c5ecbc2401659e0ccb33951') in 0.005366 seconds
  Import took 0.007973 seconds .

========================================================================
Received Prepare
Registering precompiled user dll's ...
Registered in 0.000956 seconds.
Begin MonoManager ReloadAssembly
Native extension for WindowsStandalone target not found
Native extension for WebGL target not found
Refreshing native plugins compatible for Editor in 0.26 ms, found 0 plugins.
Preloading 0 native plugins for Editor in 0.00 ms.
Mono: successfully reloaded assembly
- Completed reload, in  0.836 seconds
Platform modules already initialized, skipping
Refreshing native plugins compatible for Editor in 0.29 ms, found 0 plugins.
Preloading 0 native plugins for Editor in 0.00 ms.
Unloading 1201 Unused Serialized files (Serialized files now loaded: 0)
System memory in use before: 132.5 MB.
System memory in use after: 132.6 MB.

Unloading 5 unused Assets to reduce memory usage. Loaded Objects now: 1679.
Total: 1.698900 ms (FindLiveObjects: 0.188500 ms CreateObjectMapping: 0.049300 ms MarkObjects: 1.392600 ms  DeleteObjects: 0.065900 ms)

========================================================================
Received Prepare
Registering precompiled user dll's ...
Registered in 0.001141 seconds.
Begin MonoManager ReloadAssembly
Native extension for WindowsStandalone target not found
Native extension for WebGL target not found
Refreshing native plugins compatible for Editor in 0.45 ms, found 0 plugins.
Preloading 0 native plugins for Editor in 0.00 ms.
Mono: successfully reloaded assembly
- Completed reload, in  1.579 seconds
Platform modules already initialized, skipping
Refreshing native plugins compatible for Editor in 0.40 ms, found 0 plugins.
Preloading 0 native plugins for Editor in 0.00 ms.
Unloading 1201 Unused Serialized files (Serialized files now loaded: 0)
System memory in use before: 132.5 MB.
System memory in use after: 132.6 MB.

Unloading 5 unused Assets to reduce memory usage. Loaded Objects now: 1682.
Total: 3.375600 ms (FindLiveObjects: 0.232200 ms CreateObjectMapping: 0.139000 ms MarkObjects: 2.857000 ms  DeleteObjects: 0.143500 ms)

========================================================================
Received Import Request.
  Time since last request: 183.264810 seconds.
  path: Assets/Scripts/FontSizeAdjust.cs
  artifactKey: Guid(1767e8b1039ec6a4b961f3a3b90b4210) Importer(815301076,1909f56bfc062723c751e8b465ee728b)
Start importing Assets/Scripts/FontSizeAdjust.cs using Guid(1767e8b1039ec6a4b961f3a3b90b4210) Importer(815301076,1909f56bfc062723c751e8b465ee728b)  -> (artifact id: '2dc6872fc024b84d5457a627eaa05e3a') in 0.030607 seconds
  Import took 0.033134 seconds .

========================================================================
Received Import Request.
  Time since last request: 0.016999 seconds.
  path: Assets/Scripts/FontSizeAdjust.cs
  artifactKey: Guid(1767e8b1039ec6a4b961f3a3b90b4210) Importer(815301076,1909f56bfc062723c751e8b465ee728b)
Start importing Assets/Scripts/FontSizeAdjust.cs using Guid(1767e8b1039ec6a4b961f3a3b90b4210) Importer(815301076,1909f56bfc062723c751e8b465ee728b)  -> (artifact id: '2dc6872fc024b84d5457a627eaa05e3a') in 0.005394 seconds
  Import took 0.008031 seconds .

========================================================================
Received Import Request.
  Time since last request: 14.491413 seconds.
  path: Assets/Scripts/TrackFontSizeSlider.cs
  artifactKey: Guid(1767e8b1039ec6a4b961f3a3b90b4210) Importer(815301076,1909f56bfc062723c751e8b465ee728b)
Start importing Assets/Scripts/TrackFontSizeSlider.cs using Guid(1767e8b1039ec6a4b961f3a3b90b4210) Importer(815301076,1909f56bfc062723c751e8b465ee728b)  -> (artifact id: '7e08688fcb63a029d301799e710418e9') in 0.013502 seconds
  Import took 0.016589 seconds .

========================================================================
Received Prepare
Registering precompiled user dll's ...
Registered in 0.001971 seconds.
Begin MonoManager ReloadAssembly
Native extension for WindowsStandalone target not found
Native extension for WebGL target not found
Refreshing native plugins compatible for Editor in 0.58 ms, found 0 plugins.
Preloading 0 native plugins for Editor in 0.00 ms.
Mono: successfully reloaded assembly
- Completed reload, in  2.392 seconds
Platform modules already initialized, skipping
Refreshing native plugins compatible for Editor in 0.44 ms, found 0 plugins.
Preloading 0 native plugins for Editor in 0.00 ms.
Unloading 1201 Unused Serialized files (Serialized files now loaded: 0)
System memory in use before: 132.6 MB.
System memory in use after: 132.6 MB.

Unloading 5 unused Assets to reduce memory usage. Loaded Objects now: 1685.
Total: 5.529900 ms (FindLiveObjects: 0.391500 ms CreateObjectMapping: 0.139600 ms MarkObjects: 4.838900 ms  DeleteObjects: 0.155800 ms)

========================================================================
Received Import Request.
  Time since last request: 43.282607 seconds.
  path: Assets/Scripts/AdjustFontSize.cs
  artifactKey: Guid(8c39ac941de74264fad2ba10f3e92f66) Importer(815301076,1909f56bfc062723c751e8b465ee728b)
Start importing Assets/Scripts/AdjustFontSize.cs using Guid(8c39ac941de74264fad2ba10f3e92f66) Importer(815301076,1909f56bfc062723c751e8b465ee728b)  -> (artifact id: '950a38a70056718d40db2425f61ce31b') in 0.014455 seconds
  Import took 0.017208 seconds .

========================================================================
Received Import Request.
  Time since last request: 50.483890 seconds.
  path: Assets/Scripts/AdjustFontSize.cs
  artifactKey: Guid(8c39ac941de74264fad2ba10f3e92f66) Importer(815301076,1909f56bfc062723c751e8b465ee728b)
Start importing Assets/Scripts/AdjustFontSize.cs using Guid(8c39ac941de74264fad2ba10f3e92f66) Importer(815301076,1909f56bfc062723c751e8b465ee728b)  -> (artifact id: 'f6bdb3a15a52c8ff00856b888ffb074f') in 0.018950 seconds
  Import took 0.025063 seconds .

========================================================================
Received Import Request.
  Time since last request: 54.650650 seconds.
  path: Assets/Scripts/FontSizeAdjust.cs
  artifactKey: Guid(78b1285060f49704ab83e2f3004fdf5e) Importer(815301076,1909f56bfc062723c751e8b465ee728b)
Start importing Assets/Scripts/FontSizeAdjust.cs using Guid(78b1285060f49704ab83e2f3004fdf5e) Importer(815301076,1909f56bfc062723c751e8b465ee728b)  -> (artifact id: '3cbd5d8a19f03650a7884a32df15a32f') in 0.004294 seconds
  Import took 0.006390 seconds .

========================================================================
Received Import Request.
  Time since last request: 50.789267 seconds.
  path: Assets/Scripts/AdjustFontSize.cs
  artifactKey: Guid(8c39ac941de74264fad2ba10f3e92f66) Importer(815301076,1909f56bfc062723c751e8b465ee728b)
Start importing Assets/Scripts/AdjustFontSize.cs using Guid(8c39ac941de74264fad2ba10f3e92f66) Importer(815301076,1909f56bfc062723c751e8b465ee728b)  -> (artifact id: '55e774f4c6457175292a9ae95b721869') in 0.014180 seconds
  Import took 0.022080 seconds .

========================================================================
Received Prepare
Registering precompiled user dll's ...
Registered in 0.001862 seconds.
Begin MonoManager ReloadAssembly
Native extension for WindowsStandalone target not found
Native extension for WebGL target not found
Refreshing native plugins compatible for Editor in 0.58 ms, found 0 plugins.
Preloading 0 native plugins for Editor in 0.00 ms.
Mono: successfully reloaded assembly
- Completed reload, in  1.979 seconds
Platform modules already initialized, skipping
Refreshing native plugins compatible for Editor in 0.41 ms, found 0 plugins.
Preloading 0 native plugins for Editor in 0.00 ms.
Unloading 1201 Unused Serialized files (Serialized files now loaded: 0)
System memory in use before: 132.6 MB.
System memory in use after: 132.6 MB.

Unloading 5 unused Assets to reduce memory usage. Loaded Objects now: 1688.
Total: 2.923200 ms (FindLiveObjects: 0.217500 ms CreateObjectMapping: 0.065700 ms MarkObjects: 2.530400 ms  DeleteObjects: 0.106600 ms)

========================================================================
Received Prepare
Registering precompiled user dll's ...
Registered in 0.001057 seconds.
Begin MonoManager ReloadAssembly
Native extension for WindowsStandalone target not found
Native extension for WebGL target not found
Refreshing native plugins compatible for Editor in 0.52 ms, found 0 plugins.
Preloading 0 native plugins for Editor in 0.00 ms.
Mono: successfully reloaded assembly
- Completed reload, in  1.886 seconds
Platform modules already initialized, skipping
Refreshing native plugins compatible for Editor in 0.40 ms, found 0 plugins.
Preloading 0 native plugins for Editor in 0.00 ms.
Unloading 1202 Unused Serialized files (Serialized files now loaded: 0)
System memory in use before: 132.6 MB.
System memory in use after: 132.7 MB.

Unloading 5 unused Assets to reduce memory usage. Loaded Objects now: 1692.
Total: 2.981800 ms (FindLiveObjects: 0.216500 ms CreateObjectMapping: 0.067800 ms MarkObjects: 2.575400 ms  DeleteObjects: 0.119100 ms)

========================================================================
Received Import Request.
  Time since last request: 126.666849 seconds.
  path: Assets/Scripts/TrackFontSizeSlider.cs
  artifactKey: Guid(1767e8b1039ec6a4b961f3a3b90b4210) Importer(815301076,1909f56bfc062723c751e8b465ee728b)
Start importing Assets/Scripts/TrackFontSizeSlider.cs using Guid(1767e8b1039ec6a4b961f3a3b90b4210) Importer(815301076,1909f56bfc062723c751e8b465ee728b)  -> (artifact id: '432067ced73509bcd15c5eec5306cf29') in 0.008823 seconds
  Import took 0.011710 seconds .

========================================================================
Received Prepare
Registering precompiled user dll's ...
Registered in 0.000691 seconds.
Begin MonoManager ReloadAssembly
Native extension for WindowsStandalone target not found
Native extension for WebGL target not found
Refreshing native plugins compatible for Editor in 0.28 ms, found 0 plugins.
Preloading 0 native plugins for Editor in 0.00 ms.
Mono: successfully reloaded assembly
- Completed reload, in  0.847 seconds
Platform modules already initialized, skipping
Refreshing native plugins compatible for Editor in 0.25 ms, found 0 plugins.
Preloading 0 native plugins for Editor in 0.00 ms.
Unloading 1202 Unused Serialized files (Serialized files now loaded: 0)
System memory in use before: 132.6 MB.
System memory in use after: 132.7 MB.

Unloading 5 unused Assets to reduce memory usage. Loaded Objects now: 1695.
Total: 1.685600 ms (FindLiveObjects: 0.141400 ms CreateObjectMapping: 0.039400 ms MarkObjects: 1.434700 ms  DeleteObjects: 0.068400 ms)

========================================================================
Received Prepare
Registering precompiled user dll's ...
Registered in 0.001187 seconds.
Begin MonoManager ReloadAssembly
Native extension for WindowsStandalone target not found
Native extension for WebGL target not found
Refreshing native plugins compatible for Editor in 0.35 ms, found 0 plugins.
Preloading 0 native plugins for Editor in 0.00 ms.
Mono: successfully reloaded assembly
- Completed reload, in  0.838 seconds
Platform modules already initialized, skipping
Refreshing native plugins compatible for Editor in 0.24 ms, found 0 plugins.
Preloading 0 native plugins for Editor in 0.00 ms.
Unloading 1202 Unused Serialized files (Serialized files now loaded: 0)
System memory in use before: 132.6 MB.
System memory in use after: 132.7 MB.

Unloading 5 unused Assets to reduce memory usage. Loaded Objects now: 1698.
Total: 1.591000 ms (FindLiveObjects: 0.127900 ms CreateObjectMapping: 0.042300 ms MarkObjects: 1.345800 ms  DeleteObjects: 0.073500 ms)

========================================================================
Received Import Request.
  Time since last request: 50.594383 seconds.
  path: Assets/Scripts/TrackFontSizeSlider.cs
  artifactKey: Guid(1767e8b1039ec6a4b961f3a3b90b4210) Importer(815301076,1909f56bfc062723c751e8b465ee728b)
Start importing Assets/Scripts/TrackFontSizeSlider.cs using Guid(1767e8b1039ec6a4b961f3a3b90b4210) Importer(815301076,1909f56bfc062723c751e8b465ee728b)  -> (artifact id: 'c1b644c116e105afea40096731d02bd1') in 0.006579 seconds
  Import took 0.009163 seconds .

========================================================================
Received Import Request.
  Time since last request: 10.560146 seconds.
  path: Assets/Game.unity
  artifactKey: Guid(2e96ba9e5beee3d41bfb9bfb55be753c) Importer(815301076,1909f56bfc062723c751e8b465ee728b)
Start importing Assets/Game.unity using Guid(2e96ba9e5beee3d41bfb9bfb55be753c) Importer(815301076,1909f56bfc062723c751e8b465ee728b)  -> (artifact id: 'e30c327f859bc2ea6a6add490825866d') in 0.017145 seconds
  Import took 0.020219 seconds .

========================================================================
Received Import Request.
  Time since last request: 15.531848 seconds.
  path: Assets/Menu.unity
  artifactKey: Guid(ab9e7e0900800294e93a77ce48253ba5) Importer(815301076,1909f56bfc062723c751e8b465ee728b)
Start importing Assets/Menu.unity using Guid(ab9e7e0900800294e93a77ce48253ba5) Importer(815301076,1909f56bfc062723c751e8b465ee728b)  -> (artifact id: '3c493ec328020d5ae5d08924568950f0') in 0.008320 seconds
  Import took 0.012302 seconds .

========================================================================
Received Prepare
Registering precompiled user dll's ...
Registered in 0.001413 seconds.
Begin MonoManager ReloadAssembly
Native extension for WindowsStandalone target not found
Native extension for WebGL target not found
Refreshing native plugins compatible for Editor in 0.40 ms, found 0 plugins.
Preloading 0 native plugins for Editor in 0.00 ms.
Mono: successfully reloaded assembly
- Completed reload, in  1.574 seconds
Platform modules already initialized, skipping
Refreshing native plugins compatible for Editor in 0.49 ms, found 0 plugins.
Preloading 0 native plugins for Editor in 0.00 ms.
Unloading 1202 Unused Serialized files (Serialized files now loaded: 0)
System memory in use before: 132.6 MB.
System memory in use after: 132.7 MB.

Unloading 5 unused Assets to reduce memory usage. Loaded Objects now: 1701.
Total: 3.709200 ms (FindLiveObjects: 0.279500 ms CreateObjectMapping: 0.088200 ms MarkObjects: 3.213800 ms  DeleteObjects: 0.124500 ms)

========================================================================
Received Prepare
Registering precompiled user dll's ...
Registered in 0.001854 seconds.
Begin MonoManager ReloadAssembly
Native extension for WindowsStandalone target not found
Native extension for WebGL target not found
Refreshing native plugins compatible for Editor in 0.37 ms, found 0 plugins.
Preloading 0 native plugins for Editor in 0.00 ms.
Mono: successfully reloaded assembly
- Completed reload, in  1.320 seconds
Platform modules already initialized, skipping
Refreshing native plugins compatible for Editor in 0.36 ms, found 0 plugins.
Preloading 0 native plugins for Editor in 0.00 ms.
Unloading 1203 Unused Serialized files (Serialized files now loaded: 0)
System memory in use before: 132.6 MB.
System memory in use after: 132.7 MB.

Unloading 5 unused Assets to reduce memory usage. Loaded Objects now: 1705.
Total: 2.557800 ms (FindLiveObjects: 0.188600 ms CreateObjectMapping: 0.057400 ms MarkObjects: 2.205200 ms  DeleteObjects: 0.104300 ms)

========================================================================
Received Import Request.
  Time since last request: 120.160308 seconds.
  path: Assets/Scripts/TrackFontSizeSlider.cs
  artifactKey: Guid(1767e8b1039ec6a4b961f3a3b90b4210) Importer(815301076,1909f56bfc062723c751e8b465ee728b)
Start importing Assets/Scripts/TrackFontSizeSlider.cs using Guid(1767e8b1039ec6a4b961f3a3b90b4210) Importer(815301076,1909f56bfc062723c751e8b465ee728b)  -> (artifact id: '4241ae834fe5d53d9ab8e9c56d132a27') in 0.016542 seconds
  Import took 0.020078 seconds .

========================================================================
Received Import Request.
  Time since last request: 5.896475 seconds.
  path: Assets/Scripts/teste.cs
  artifactKey: Guid(6d0193eb191682b45acae777c1ffd03f) Importer(815301076,1909f56bfc062723c751e8b465ee728b)
Start importing Assets/Scripts/teste.cs using Guid(6d0193eb191682b45acae777c1ffd03f) Importer(815301076,1909f56bfc062723c751e8b465ee728b)  -> (artifact id: '20f83c7c21cec7a7891a727483a61659') in 0.015908 seconds
  Import took 0.018597 seconds .

========================================================================
Received Import Request.
  Time since last request: 30.589933 seconds.
  path: Assets/Scripts/teste.cs
  artifactKey: Guid(6d0193eb191682b45acae777c1ffd03f) Importer(815301076,1909f56bfc062723c751e8b465ee728b)
Start importing Assets/Scripts/teste.cs using Guid(6d0193eb191682b45acae777c1ffd03f) Importer(815301076,1909f56bfc062723c751e8b465ee728b)  -> (artifact id: '7a41ee4eb943bc6f13a6e49271cd7273') in 0.004682 seconds
  Import took 0.007935 seconds .

========================================================================
Received Import Request.
  Time since last request: 20.521394 seconds.
  path: Assets/Scripts/PlayerMovement.cs
  artifactKey: Guid(e5c26b2de0a2f1b4c8856e1d4e7aa699) Importer(815301076,1909f56bfc062723c751e8b465ee728b)
Start importing Assets/Scripts/PlayerMovement.cs using Guid(e5c26b2de0a2f1b4c8856e1d4e7aa699) Importer(815301076,1909f56bfc062723c751e8b465ee728b)  -> (artifact id: '5bc12f1e5c32441a53a2ce16e9ddb89b') in 0.016013 seconds
  Import took 0.020476 seconds .

========================================================================
Received Import Request.
  Time since last request: 34.973803 seconds.
  path: Assets/Scripts/teste.cs
  artifactKey: Guid(6d0193eb191682b45acae777c1ffd03f) Importer(815301076,1909f56bfc062723c751e8b465ee728b)
Start importing Assets/Scripts/teste.cs using Guid(6d0193eb191682b45acae777c1ffd03f) Importer(815301076,1909f56bfc062723c751e8b465ee728b)  -> (artifact id: 'ea8f0b00f3d7a11cddd90fc914613864') in 0.011926 seconds
  Import took 0.018129 seconds .

========================================================================
Received Prepare
Registering precompiled user dll's ...
Registered in 0.002453 seconds.
Begin MonoManager ReloadAssembly
Native extension for WindowsStandalone target not found
Native extension for WebGL target not found
Refreshing native plugins compatible for Editor in 0.78 ms, found 0 plugins.
Preloading 0 native plugins for Editor in 0.00 ms.
Mono: successfully reloaded assembly
- Completed reload, in  2.645 seconds
Platform modules already initialized, skipping
Refreshing native plugins compatible for Editor in 0.51 ms, found 0 plugins.
Preloading 0 native plugins for Editor in 0.00 ms.
Unloading 1203 Unused Serialized files (Serialized files now loaded: 0)
System memory in use before: 132.7 MB.
System memory in use after: 132.7 MB.

Unloading 6 unused Assets to reduce memory usage. Loaded Objects now: 1708.
Total: 3.760400 ms (FindLiveObjects: 0.344900 ms CreateObjectMapping: 0.092700 ms MarkObjects: 3.163400 ms  DeleteObjects: 0.134900 ms)

========================================================================
Received Import Request.
  Time since last request: 17.235923 seconds.
  path: Assets/Scripts/teste.cs
  artifactKey: Guid(6d0193eb191682b45acae777c1ffd03f) Importer(815301076,1909f56bfc062723c751e8b465ee728b)
Start importing Assets/Scripts/teste.cs using Guid(6d0193eb191682b45acae777c1ffd03f) Importer(815301076,1909f56bfc062723c751e8b465ee728b)  -> (artifact id: '72ef0d179861fe7be443fbbf47c91de5') in 0.011347 seconds
  Import took 0.016637 seconds .

========================================================================
Received Import Request.
  Time since last request: 19.550972 seconds.
  path: Assets/Game.unity
  artifactKey: Guid(2e96ba9e5beee3d41bfb9bfb55be753c) Importer(815301076,1909f56bfc062723c751e8b465ee728b)
Start importing Assets/Game.unity using Guid(2e96ba9e5beee3d41bfb9bfb55be753c) Importer(815301076,1909f56bfc062723c751e8b465ee728b)  -> (artifact id: 'ec3e70e634191f29800357dc53e4d36c') in 0.016682 seconds
  Import took 0.019611 seconds .

========================================================================
Received Import Request.
  Time since last request: 0.002871 seconds.
  path: Assets/Game.unity
  artifactKey: Guid(2e96ba9e5beee3d41bfb9bfb55be753c) Importer(815301076,1909f56bfc062723c751e8b465ee728b)
Start importing Assets/Game.unity using Guid(2e96ba9e5beee3d41bfb9bfb55be753c) Importer(815301076,1909f56bfc062723c751e8b465ee728b)  -> (artifact id: 'ec3e70e634191f29800357dc53e4d36c') in 0.007063 seconds
  Import took 0.010008 seconds .

========================================================================
Received Import Request.
  Time since last request: 20.482589 seconds.
  path: Assets/Menu.unity
  artifactKey: Guid(ab9e7e0900800294e93a77ce48253ba5) Importer(815301076,1909f56bfc062723c751e8b465ee728b)
Start importing Assets/Menu.unity using Guid(ab9e7e0900800294e93a77ce48253ba5) Importer(815301076,1909f56bfc062723c751e8b465ee728b)  -> (artifact id: 'd0b948745fd604865332f8695a436bcd') in 0.005500 seconds
  Import took 0.008195 seconds .

========================================================================
Received Prepare
Registering precompiled user dll's ...
Registered in 0.001364 seconds.
Begin MonoManager ReloadAssembly
Native extension for WindowsStandalone target not found
Native extension for WebGL target not found
Refreshing native plugins compatible for Editor in 0.55 ms, found 0 plugins.
Preloading 0 native plugins for Editor in 0.00 ms.
Mono: successfully reloaded assembly
- Completed reload, in  2.479 seconds
Platform modules already initialized, skipping
Refreshing native plugins compatible for Editor in 0.38 ms, found 0 plugins.
Preloading 0 native plugins for Editor in 0.00 ms.
Unloading 1203 Unused Serialized files (Serialized files now loaded: 0)
System memory in use before: 132.7 MB.
System memory in use after: 132.7 MB.

Unloading 5 unused Assets to reduce memory usage. Loaded Objects now: 1711.
Total: 3.067800 ms (FindLiveObjects: 0.244900 ms CreateObjectMapping: 0.067300 ms MarkObjects: 2.643800 ms  DeleteObjects: 0.109100 ms)

========================================================================
Received Prepare
Registering precompiled user dll's ...
Registered in 0.001167 seconds.
Begin MonoManager ReloadAssembly
Native extension for WindowsStandalone target not found
Native extension for WebGL target not found
Refreshing native plugins compatible for Editor in 0.72 ms, found 0 plugins.
Preloading 0 native plugins for Editor in 0.00 ms.
Mono: successfully reloaded assembly
- Completed reload, in  1.866 seconds
Platform modules already initialized, skipping
Refreshing native plugins compatible for Editor in 0.46 ms, found 0 plugins.
Preloading 0 native plugins for Editor in 0.00 ms.
Unloading 1203 Unused Serialized files (Serialized files now loaded: 0)
System memory in use before: 132.7 MB.
System memory in use after: 132.7 MB.

Unloading 5 unused Assets to reduce memory usage. Loaded Objects now: 1714.
Total: 3.827600 ms (FindLiveObjects: 0.239400 ms CreateObjectMapping: 0.082600 ms MarkObjects: 3.385800 ms  DeleteObjects: 0.116300 ms)

========================================================================
Received Import Request.
  Time since last request: 78.361172 seconds.
  path: Assets/Scripts/AdjustFontSize.cs
  artifactKey: Guid(8c39ac941de74264fad2ba10f3e92f66) Importer(815301076,1909f56bfc062723c751e8b465ee728b)
Start importing Assets/Scripts/AdjustFontSize.cs using Guid(8c39ac941de74264fad2ba10f3e92f66) Importer(815301076,1909f56bfc062723c751e8b465ee728b)  -> (artifact id: 'e6f4b25fdf2e5e170f0cbc0dbff5d7a2') in 0.006590 seconds
  Import took 0.009255 seconds .

========================================================================
Received Import Request.
  Time since last request: 0.036585 seconds.
  path: Assets/Scripts/AdjustFontSize.cs
  artifactKey: Guid(8c39ac941de74264fad2ba10f3e92f66) Importer(815301076,1909f56bfc062723c751e8b465ee728b)
Start importing Assets/Scripts/AdjustFontSize.cs using Guid(8c39ac941de74264fad2ba10f3e92f66) Importer(815301076,1909f56bfc062723c751e8b465ee728b)  -> (artifact id: 'e6f4b25fdf2e5e170f0cbc0dbff5d7a2') in 0.005282 seconds
  Import took 0.007827 seconds .

========================================================================
Received Prepare
Registering precompiled user dll's ...
Registered in 0.001198 seconds.
Begin MonoManager ReloadAssembly
Native extension for WindowsStandalone target not found
Native extension for WebGL target not found
Refreshing native plugins compatible for Editor in 0.27 ms, found 0 plugins.
Preloading 0 native plugins for Editor in 0.00 ms.
Mono: successfully reloaded assembly
- Completed reload, in  0.829 seconds
Platform modules already initialized, skipping
Refreshing native plugins compatible for Editor in 0.28 ms, found 0 plugins.
Preloading 0 native plugins for Editor in 0.00 ms.
Unloading 1203 Unused Serialized files (Serialized files now loaded: 0)
System memory in use before: 132.7 MB.
System memory in use after: 132.8 MB.

Unloading 5 unused Assets to reduce memory usage. Loaded Objects now: 1717.
Total: 1.853700 ms (FindLiveObjects: 0.140800 ms CreateObjectMapping: 0.042100 ms MarkObjects: 1.601600 ms  DeleteObjects: 0.067500 ms)

========================================================================
Received Import Request.
  Time since last request: 140.539329 seconds.
  path: Assets/Menu.unity
  artifactKey: Guid(ab9e7e0900800294e93a77ce48253ba5) Importer(815301076,1909f56bfc062723c751e8b465ee728b)
Start importing Assets/Menu.unity using Guid(ab9e7e0900800294e93a77ce48253ba5) Importer(815301076,1909f56bfc062723c751e8b465ee728b)  -> (artifact id: 'cceaaa89030e7d6718b528d31819c0b2') in 0.018351 seconds
  Import took 0.020741 seconds .

========================================================================
Received Import Request.
  Time since last request: 44.810344 seconds.
  path: Assets/Game.unity
  artifactKey: Guid(2e96ba9e5beee3d41bfb9bfb55be753c) Importer(815301076,1909f56bfc062723c751e8b465ee728b)
Start importing Assets/Game.unity using Guid(2e96ba9e5beee3d41bfb9bfb55be753c) Importer(815301076,1909f56bfc062723c751e8b465ee728b)  -> (artifact id: 'f94b44797044edc44af0c83df93e9588') in 0.018370 seconds
  Import took 0.025357 seconds .

========================================================================
Received Prepare
Registering precompiled user dll's ...
Registered in 0.000830 seconds.
Begin MonoManager ReloadAssembly
Native extension for WindowsStandalone target not found
Native extension for WebGL target not found
Refreshing native plugins compatible for Editor in 0.46 ms, found 0 plugins.
Preloading 0 native plugins for Editor in 0.00 ms.
Mono: successfully reloaded assembly
- Completed reload, in  1.596 seconds
Platform modules already initialized, skipping
Refreshing native plugins compatible for Editor in 0.46 ms, found 0 plugins.
Preloading 0 native plugins for Editor in 0.00 ms.
Unloading 1203 Unused Serialized files (Serialized files now loaded: 0)
System memory in use before: 132.7 MB.
System memory in use after: 132.8 MB.

Unloading 5 unused Assets to reduce memory usage. Loaded Objects now: 1720.
Total: 3.698200 ms (FindLiveObjects: 0.414800 ms CreateObjectMapping: 0.114400 ms MarkObjects: 3.024400 ms  DeleteObjects: 0.141100 ms)

========================================================================
Received Prepare
Registering precompiled user dll's ...
Registered in 0.001040 seconds.
Begin MonoManager ReloadAssembly
Native extension for WindowsStandalone target not found
Native extension for WebGL target not found
Refreshing native plugins compatible for Editor in 0.47 ms, found 0 plugins.
Preloading 0 native plugins for Editor in 0.00 ms.
Mono: successfully reloaded assembly
- Completed reload, in  2.021 seconds
Platform modules already initialized, skipping
Refreshing native plugins compatible for Editor in 0.40 ms, found 0 plugins.
Preloading 0 native plugins for Editor in 0.00 ms.
Unloading 1203 Unused Serialized files (Serialized files now loaded: 0)
System memory in use before: 132.8 MB.
System memory in use after: 132.9 MB.

Unloading 5 unused Assets to reduce memory usage. Loaded Objects now: 1723.
Total: 3.113100 ms (FindLiveObjects: 0.226000 ms CreateObjectMapping: 0.071900 ms MarkObjects: 2.689300 ms  DeleteObjects: 0.122100 ms)

========================================================================
Received Prepare
Registering precompiled user dll's ...
Registered in 0.000988 seconds.
Begin MonoManager ReloadAssembly
Native extension for WindowsStandalone target not found
Native extension for WebGL target not found
Refreshing native plugins compatible for Editor in 0.29 ms, found 0 plugins.
Preloading 0 native plugins for Editor in 0.00 ms.
Mono: successfully reloaded assembly
- Completed reload, in  0.848 seconds
Platform modules already initialized, skipping
Refreshing native plugins compatible for Editor in 0.22 ms, found 0 plugins.
Preloading 0 native plugins for Editor in 0.00 ms.
Unloading 1203 Unused Serialized files (Serialized files now loaded: 0)
System memory in use before: 132.8 MB.
System memory in use after: 132.9 MB.

Unloading 5 unused Assets to reduce memory usage. Loaded Objects now: 1726.
Total: 1.634800 ms (FindLiveObjects: 0.155800 ms CreateObjectMapping: 0.037400 ms MarkObjects: 1.366600 ms  DeleteObjects: 0.073100 ms)

========================================================================
Received Import Request.
  Time since last request: 247.656377 seconds.
  path: Assets/Game.unity
  artifactKey: Guid(2e96ba9e5beee3d41bfb9bfb55be753c) Importer(815301076,1909f56bfc062723c751e8b465ee728b)
Start importing Assets/Game.unity using Guid(2e96ba9e5beee3d41bfb9bfb55be753c) Importer(815301076,1909f56bfc062723c751e8b465ee728b)  -> (artifact id: '10c10fe14ab71c36c11eddd55919dcb0') in 0.015952 seconds
  Import took 0.019146 seconds .

========================================================================
Received Prepare
Registering precompiled user dll's ...
Registered in 0.001266 seconds.
Begin MonoManager ReloadAssembly
Native extension for WindowsStandalone target not found
Native extension for WebGL target not found
Refreshing native plugins compatible for Editor in 0.60 ms, found 0 plugins.
Preloading 0 native plugins for Editor in 0.00 ms.
Mono: successfully reloaded assembly
- Completed reload, in  2.057 seconds
Platform modules already initialized, skipping
Refreshing native plugins compatible for Editor in 0.46 ms, found 0 plugins.
Preloading 0 native plugins for Editor in 0.00 ms.
Unloading 1203 Unused Serialized files (Serialized files now loaded: 0)
System memory in use before: 132.8 MB.
System memory in use after: 132.9 MB.

Unloading 5 unused Assets to reduce memory usage. Loaded Objects now: 1729.
Total: 5.264000 ms (FindLiveObjects: 0.422800 ms CreateObjectMapping: 0.141900 ms MarkObjects: 4.540000 ms  DeleteObjects: 0.153300 ms)

========================================================================
Received Prepare
Registering precompiled user dll's ...
Registered in 0.001585 seconds.
Begin MonoManager ReloadAssembly
Native extension for WindowsStandalone target not found
Native extension for WebGL target not found
Refreshing native plugins compatible for Editor in 0.56 ms, found 0 plugins.
Preloading 0 native plugins for Editor in 0.00 ms.
Mono: successfully reloaded assembly
- Completed reload, in  2.783 seconds
Platform modules already initialized, skipping
Refreshing native plugins compatible for Editor in 0.84 ms, found 0 plugins.
Preloading 0 native plugins for Editor in 0.00 ms.
Unloading 1203 Unused Serialized files (Serialized files now loaded: 0)
System memory in use before: 132.8 MB.
System memory in use after: 132.9 MB.

Unloading 5 unused Assets to reduce memory usage. Loaded Objects now: 1732.
Total: 4.227400 ms (FindLiveObjects: 0.386800 ms CreateObjectMapping: 0.108400 ms MarkObjects: 3.580300 ms  DeleteObjects: 0.148100 ms)

========================================================================
Received Prepare
Registering precompiled user dll's ...
Registered in 0.002535 seconds.
Begin MonoManager ReloadAssembly
Native extension for WindowsStandalone target not found
Native extension for WebGL target not found
Refreshing native plugins compatible for Editor in 0.56 ms, found 0 plugins.
Preloading 0 native plugins for Editor in 0.00 ms.
Mono: successfully reloaded assembly
- Completed reload, in  2.655 seconds
Platform modules already initialized, skipping
Refreshing native plugins compatible for Editor in 0.96 ms, found 0 plugins.
Preloading 0 native plugins for Editor in 0.00 ms.
Unloading 1203 Unused Serialized files (Serialized files now loaded: 0)
System memory in use before: 132.8 MB.
System memory in use after: 132.9 MB.

Unloading 5 unused Assets to reduce memory usage. Loaded Objects now: 1735.
Total: 7.662000 ms (FindLiveObjects: 0.375200 ms CreateObjectMapping: 0.114700 ms MarkObjects: 6.966700 ms  DeleteObjects: 0.198900 ms)

========================================================================
Received Prepare
Registering precompiled user dll's ...
Registered in 0.001453 seconds.
Begin MonoManager ReloadAssembly
Native extension for WindowsStandalone target not found
Native extension for WebGL target not found
Refreshing native plugins compatible for Editor in 0.47 ms, found 0 plugins.
Preloading 0 native plugins for Editor in 0.00 ms.
Mono: successfully reloaded assembly
- Completed reload, in  2.171 seconds
Platform modules already initialized, skipping
Refreshing native plugins compatible for Editor in 0.41 ms, found 0 plugins.
Preloading 0 native plugins for Editor in 0.00 ms.
Unloading 1203 Unused Serialized files (Serialized files now loaded: 0)
System memory in use before: 132.8 MB.
System memory in use after: 132.9 MB.

Unloading 5 unused Assets to reduce memory usage. Loaded Objects now: 1738.
Total: 3.152500 ms (FindLiveObjects: 0.331700 ms CreateObjectMapping: 0.095400 ms MarkObjects: 2.610800 ms  DeleteObjects: 0.110800 ms)

========================================================================
Received Prepare
Registering precompiled user dll's ...
Registered in 0.000882 seconds.
Begin MonoManager ReloadAssembly
Native extension for WindowsStandalone target not found
Native extension for WebGL target not found
Refreshing native plugins compatible for Editor in 0.39 ms, found 0 plugins.
Preloading 0 native plugins for Editor in 0.00 ms.
Mono: successfully reloaded assembly
- Completed reload, in  1.246 seconds
Platform modules already initialized, skipping
Refreshing native plugins compatible for Editor in 0.45 ms, found 0 plugins.
Preloading 0 native plugins for Editor in 0.00 ms.
Unloading 1203 Unused Serialized files (Serialized files now loaded: 0)
System memory in use before: 132.8 MB.
System memory in use after: 132.9 MB.

Unloading 5 unused Assets to reduce memory usage. Loaded Objects now: 1741.
Total: 3.324900 ms (FindLiveObjects: 0.279100 ms CreateObjectMapping: 0.075500 ms MarkObjects: 2.839400 ms  DeleteObjects: 0.127600 ms)

========================================================================
Received Prepare
Registering precompiled user dll's ...
Registered in 0.001484 seconds.
Begin MonoManager ReloadAssembly
Native extension for WindowsStandalone target not found
Native extension for WebGL target not found
Refreshing native plugins compatible for Editor in 0.51 ms, found 0 plugins.
Preloading 0 native plugins for Editor in 0.00 ms.
Mono: successfully reloaded assembly
- Completed reload, in  1.986 seconds
Platform modules already initialized, skipping
Refreshing native plugins compatible for Editor in 0.47 ms, found 0 plugins.
Preloading 0 native plugins for Editor in 0.00 ms.
Unloading 1203 Unused Serialized files (Serialized files now loaded: 0)
System memory in use before: 132.8 MB.
System memory in use after: 132.9 MB.

Unloading 5 unused Assets to reduce memory usage. Loaded Objects now: 1744.
Total: 3.381700 ms (FindLiveObjects: 0.247300 ms CreateObjectMapping: 0.078600 ms MarkObjects: 2.934900 ms  DeleteObjects: 0.118100 ms)

========================================================================
Received Prepare
Registering precompiled user dll's ...
Registered in 0.001076 seconds.
Begin MonoManager ReloadAssembly
Native extension for WindowsStandalone target not found
Native extension for WebGL target not found
Refreshing native plugins compatible for Editor in 0.43 ms, found 0 plugins.
Preloading 0 native plugins for Editor in 0.00 ms.
Mono: successfully reloaded assembly
- Completed reload, in  1.787 seconds
Platform modules already initialized, skipping
Refreshing native plugins compatible for Editor in 0.48 ms, found 0 plugins.
Preloading 0 native plugins for Editor in 0.00 ms.
Unloading 1203 Unused Serialized files (Serialized files now loaded: 0)
System memory in use before: 132.8 MB.
System memory in use after: 132.9 MB.

Unloading 5 unused Assets to reduce memory usage. Loaded Objects now: 1747.
Total: 4.119400 ms (FindLiveObjects: 0.448400 ms CreateObjectMapping: 0.165400 ms MarkObjects: 3.355600 ms  DeleteObjects: 0.146500 ms)

========================================================================
Received Prepare
Registering precompiled user dll's ...
Registered in 0.000794 seconds.
Begin MonoManager ReloadAssembly
Native extension for WindowsStandalone target not found
Native extension for WebGL target not found
Refreshing native plugins compatible for Editor in 0.33 ms, found 0 plugins.
Preloading 0 native plugins for Editor in 0.00 ms.
Mono: successfully reloaded assembly
- Completed reload, in  1.088 seconds
Platform modules already initialized, skipping
Refreshing native plugins compatible for Editor in 0.46 ms, found 0 plugins.
Preloading 0 native plugins for Editor in 0.00 ms.
Unloading 1203 Unused Serialized files (Serialized files now loaded: 0)
System memory in use before: 132.9 MB.
System memory in use after: 132.9 MB.

Unloading 5 unused Assets to reduce memory usage. Loaded Objects now: 1750.
Total: 3.722100 ms (FindLiveObjects: 0.276100 ms CreateObjectMapping: 0.088100 ms MarkObjects: 3.228300 ms  DeleteObjects: 0.126100 ms)

========================================================================
Received Prepare
Registering precompiled user dll's ...
Registered in 0.000753 seconds.
Begin MonoManager ReloadAssembly
Native extension for WindowsStandalone target not found
Native extension for WebGL target not found
Refreshing native plugins compatible for Editor in 0.53 ms, found 0 plugins.
Preloading 0 native plugins for Editor in 0.00 ms.
Mono: successfully reloaded assembly
- Completed reload, in  0.865 seconds
Platform modules already initialized, skipping
Refreshing native plugins compatible for Editor in 0.24 ms, found 0 plugins.
Preloading 0 native plugins for Editor in 0.00 ms.
Unloading 1203 Unused Serialized files (Serialized files now loaded: 0)
System memory in use before: 132.9 MB.
System memory in use after: 132.9 MB.

Unloading 5 unused Assets to reduce memory usage. Loaded Objects now: 1753.
Total: 2.122000 ms (FindLiveObjects: 0.188800 ms CreateObjectMapping: 0.048600 ms MarkObjects: 1.810900 ms  DeleteObjects: 0.070600 ms)

========================================================================
Received Prepare
Registering precompiled user dll's ...
Registered in 0.001600 seconds.
Begin MonoManager ReloadAssembly
Native extension for WindowsStandalone target not found
Native extension for WebGL target not found
Refreshing native plugins compatible for Editor in 0.42 ms, found 0 plugins.
Preloading 0 native plugins for Editor in 0.00 ms.
Mono: successfully reloaded assembly
- Completed reload, in  1.801 seconds
Platform modules already initialized, skipping
Refreshing native plugins compatible for Editor in 0.56 ms, found 0 plugins.
Preloading 0 native plugins for Editor in 0.00 ms.
Unloading 1203 Unused Serialized files (Serialized files now loaded: 0)
System memory in use before: 132.9 MB.
System memory in use after: 132.9 MB.

Unloading 5 unused Assets to reduce memory usage. Loaded Objects now: 1756.
Total: 3.576900 ms (FindLiveObjects: 0.257800 ms CreateObjectMapping: 0.084500 ms MarkObjects: 3.107500 ms  DeleteObjects: 0.123600 ms)

========================================================================
Received Prepare
Registering precompiled user dll's ...
Registered in 0.001350 seconds.
Begin MonoManager ReloadAssembly
Native extension for WindowsStandalone target not found
Native extension for WebGL target not found
Refreshing native plugins compatible for Editor in 0.40 ms, found 0 plugins.
Preloading 0 native plugins for Editor in 0.00 ms.
Mono: successfully reloaded assembly
- Completed reload, in  1.455 seconds
Platform modules already initialized, skipping
Refreshing native plugins compatible for Editor in 0.41 ms, found 0 plugins.
Preloading 0 native plugins for Editor in 0.00 ms.
Unloading 1203 Unused Serialized files (Serialized files now loaded: 0)
System memory in use before: 132.9 MB.
System memory in use after: 132.9 MB.

Unloading 5 unused Assets to reduce memory usage. Loaded Objects now: 1759.
Total: 3.216500 ms (FindLiveObjects: 0.256600 ms CreateObjectMapping: 0.068200 ms MarkObjects: 2.785700 ms  DeleteObjects: 0.103300 ms)

========================================================================
Received Prepare
Registering precompiled user dll's ...
Registered in 0.001050 seconds.
Begin MonoManager ReloadAssembly
Native extension for WindowsStandalone target not found
Native extension for WebGL target not found
Refreshing native plugins compatible for Editor in 0.65 ms, found 0 plugins.
Preloading 0 native plugins for Editor in 0.00 ms.
Mono: successfully reloaded assembly
- Completed reload, in  1.825 seconds
Platform modules already initialized, skipping
Refreshing native plugins compatible for Editor in 0.49 ms, found 0 plugins.
Preloading 0 native plugins for Editor in 0.00 ms.
Unloading 1203 Unused Serialized files (Serialized files now loaded: 0)
System memory in use before: 132.9 MB.
System memory in use after: 132.9 MB.

Unloading 5 unused Assets to reduce memory usage. Loaded Objects now: 1762.
Total: 3.860800 ms (FindLiveObjects: 0.309800 ms CreateObjectMapping: 0.096000 ms MarkObjects: 3.309600 ms  DeleteObjects: 0.141400 ms)

========================================================================
Received Prepare
Registering precompiled user dll's ...
Registered in 0.001021 seconds.
Begin MonoManager ReloadAssembly
Native extension for WindowsStandalone target not found
Native extension for WebGL target not found
Refreshing native plugins compatible for Editor in 0.53 ms, found 0 plugins.
Preloading 0 native plugins for Editor in 0.00 ms.
Mono: successfully reloaded assembly
- Completed reload, in  2.050 seconds
Platform modules already initialized, skipping
Refreshing native plugins compatible for Editor in 0.55 ms, found 0 plugins.
Preloading 0 native plugins for Editor in 0.00 ms.
Unloading 1203 Unused Serialized files (Serialized files now loaded: 0)
System memory in use before: 132.9 MB.
System memory in use after: 133.0 MB.

Unloading 5 unused Assets to reduce memory usage. Loaded Objects now: 1765.
Total: 4.067800 ms (FindLiveObjects: 0.299100 ms CreateObjectMapping: 0.096600 ms MarkObjects: 3.533100 ms  DeleteObjects: 0.134700 ms)

========================================================================
Received Prepare
Registering precompiled user dll's ...
Registered in 0.001531 seconds.
Begin MonoManager ReloadAssembly
Native extension for WindowsStandalone target not found
Native extension for WebGL target not found
Refreshing native plugins compatible for Editor in 1.65 ms, found 0 plugins.
Preloading 0 native plugins for Editor in 0.00 ms.
Mono: successfully reloaded assembly
- Completed reload, in  2.634 seconds
Platform modules already initialized, skipping
Refreshing native plugins compatible for Editor in 0.45 ms, found 0 plugins.
Preloading 0 native plugins for Editor in 0.00 ms.
Unloading 1203 Unused Serialized files (Serialized files now loaded: 0)
System memory in use before: 132.9 MB.
System memory in use after: 133.0 MB.

Unloading 5 unused Assets to reduce memory usage. Loaded Objects now: 1768.
Total: 3.541400 ms (FindLiveObjects: 0.502400 ms CreateObjectMapping: 0.073300 ms MarkObjects: 2.842600 ms  DeleteObjects: 0.118900 ms)

