Using pre-set license
Built from '2020.3/release' branch; Version is '2020.3.7f1 (dd97f2c94397) revision 14522354'; Using compiler version '192528614'; Build Type 'Release'
OS: 'Windows 10 Home Single Language; OS build 22000.434; Version 2009; 64bit' Language: 'pt' Physical Memory: 7952 MB
BatchMode: 1, IsHumanControllingUs: 0, StartBugReporterOnCrash: 0, Is64bit: 1, IsPro: 0

 COMMAND LINE ARGUMENTS:
C:\Program Files\Unity\Hub\Editor\2020.3.7f1\Editor\Unity.exe
-adb2
-batchMode
-noUpm
-name
AssetImportWorker6
-projectPath
C:/Users/ivonp/Dev/Game-TP/Game
-logFile
Logs/AssetImportWorker6.log
-srvPort
62765
Successfully changed project path to: C:/Users/ivonp/Dev/Game-TP/Game
C:/Users/ivonp/Dev/Game-TP/Game
Using Asset Import Pipeline V2.
Refreshing native plugins compatible for Editor in 289.12 ms, found 0 plugins.
Preloading 0 native plugins for Editor in 0.00 ms.
Initialize engine version: 2020.3.7f1 (dd97f2c94397)
[Subsystems] Discovering subsystems at path C:/Program Files/Unity/Hub/Editor/2020.3.7f1/Editor/Data/Resources/UnitySubsystems
[Subsystems] Discovering subsystems at path C:/Users/ivonp/Dev/Game-TP/Game/Assets
GfxDevice: creating device client; threaded=0
Direct3D:
    Version:  Direct3D 11.0 [level 11.1]
    Renderer: NVIDIA GeForce MX350 (ID=0x1c94)
    Vendor:   
    VRAM:     1979 MB
    Driver:   30.0.14.7141
Initialize mono
Mono path[0] = 'C:/Program Files/Unity/Hub/Editor/2020.3.7f1/Editor/Data/Managed'
Mono path[1] = 'C:/Program Files/Unity/Hub/Editor/2020.3.7f1/Editor/Data/MonoBleedingEdge/lib/mono/unityjit'
Mono config path = 'C:/Program Files/Unity/Hub/Editor/2020.3.7f1/Editor/Data/MonoBleedingEdge/etc'
Using monoOptions --debugger-agent=transport=dt_socket,embedding=1,server=y,suspend=n,address=127.0.0.1:56896
Begin MonoManager ReloadAssembly
Registering precompiled unity dll's ...
Register platform support module: C:/Program Files/Unity/Hub/Editor/2020.3.7f1/Editor/Data/PlaybackEngines/WebGLSupport/UnityEditor.WebGL.Extensions.dll
Register platform support module: C:/Program Files/Unity/Hub/Editor/2020.3.7f1/Editor/Data/PlaybackEngines/WindowsStandaloneSupport/UnityEditor.WindowsStandalone.Extensions.dll
Registered in 0.019539 seconds.
Native extension for WindowsStandalone target not found
Native extension for WebGL target not found
Refreshing native plugins compatible for Editor in 276.03 ms, found 0 plugins.
Preloading 0 native plugins for Editor in 0.00 ms.
Mono: successfully reloaded assembly
- Completed reload, in 13.231 seconds
Platform modules already initialized, skipping
Registering precompiled user dll's ...
Registered in 0.004760 seconds.
Begin MonoManager ReloadAssembly
Native extension for WindowsStandalone target not found
Native extension for WebGL target not found
Refreshing native plugins compatible for Editor in 0.59 ms, found 0 plugins.
Preloading 0 native plugins for Editor in 0.00 ms.
Mono: successfully reloaded assembly
- Completed reload, in  3.055 seconds
Platform modules already initialized, skipping
========================================================================
Worker process is ready to serve import requests
Launched and connected shader compiler UnityShaderCompiler.exe after 0.75 seconds
Refreshing native plugins compatible for Editor in 0.67 ms, found 0 plugins.
Preloading 0 native plugins for Editor in 0.00 ms.
Unloading 1221 Unused Serialized files (Serialized files now loaded: 0)
System memory in use before: 134.0 MB.
System memory in use after: 134.0 MB.

Unloading 10 unused Assets to reduce memory usage. Loaded Objects now: 1666.
Total: 6.646100 ms (FindLiveObjects: 0.397200 ms CreateObjectMapping: 0.167600 ms MarkObjects: 5.819900 ms  DeleteObjects: 0.256700 ms)

========================================================================
Received Import Request.
  path: Assets/Scripts/FontSizeAdjust.cs
  artifactKey: Guid(78b1285060f49704ab83e2f3004fdf5e) Importer(815301076,1909f56bfc062723c751e8b465ee728b)
Start importing Assets/Scripts/FontSizeAdjust.cs using Guid(78b1285060f49704ab83e2f3004fdf5e) Importer(815301076,1909f56bfc062723c751e8b465ee728b)  -> (artifact id: 'a540d7c0ea76fd836213b478ec1ef610') in 0.404383 seconds
  Import took 0.414222 seconds .

========================================================================
Received Import Request.
  Time since last request: 0.000638 seconds.
  path: Assets/Menu.unity
  artifactKey: Guid(ab9e7e0900800294e93a77ce48253ba5) Importer(815301076,1909f56bfc062723c751e8b465ee728b)
Start importing Assets/Menu.unity using Guid(ab9e7e0900800294e93a77ce48253ba5) Importer(815301076,1909f56bfc062723c751e8b465ee728b)  -> (artifact id: '4160a28070c59c115004feeb5bbf7a01') in 0.057323 seconds
  Import took 0.067316 seconds .

========================================================================
Received Import Request.
  Time since last request: 0.000808 seconds.
  path: Assets/Scripts/AdjustFontSize.cs
  artifactKey: Guid(8c39ac941de74264fad2ba10f3e92f66) Importer(815301076,1909f56bfc062723c751e8b465ee728b)
Start importing Assets/Scripts/AdjustFontSize.cs using Guid(8c39ac941de74264fad2ba10f3e92f66) Importer(815301076,1909f56bfc062723c751e8b465ee728b)  -> (artifact id: '9840775039cfa2f896a72988ef2b8d8c') in 0.034220 seconds
  Import took 0.063115 seconds .

========================================================================
Received Import Request.
  Time since last request: 0.052394 seconds.
  path: Assets/Game.unity
  artifactKey: Guid(2e96ba9e5beee3d41bfb9bfb55be753c) Importer(815301076,1909f56bfc062723c751e8b465ee728b)
Start importing Assets/Game.unity using Guid(2e96ba9e5beee3d41bfb9bfb55be753c) Importer(815301076,1909f56bfc062723c751e8b465ee728b)  -> (artifact id: '7e7cb7f582f90138fb71439dc942688b') in 0.030272 seconds
  Import took 0.043254 seconds .

========================================================================
Received Prepare
Refreshing native plugins compatible for Editor in 10.10 ms, found 0 plugins.
Preloading 0 native plugins for Editor in 0.00 ms.
Unloading 3 Unused Serialized files (Serialized files now loaded: 0)
System memory in use before: 108.7 MB.
System memory in use after: 108.8 MB.

Unloading 3 unused Assets to reduce memory usage. Loaded Objects now: 1666.
Total: 7.813900 ms (FindLiveObjects: 0.478800 ms CreateObjectMapping: 0.210400 ms MarkObjects: 6.978000 ms  DeleteObjects: 0.142200 ms)

========================================================================
Received Import Request.
  Time since last request: 130.784662 seconds.
  path: Assets/Menu.unity
  artifactKey: Guid(ab9e7e0900800294e93a77ce48253ba5) Importer(815301076,1909f56bfc062723c751e8b465ee728b)
Start importing Assets/Menu.unity using Guid(ab9e7e0900800294e93a77ce48253ba5) Importer(815301076,1909f56bfc062723c751e8b465ee728b)  -> (artifact id: '765897a1c3ff2a8c8356330c8da6db4f') in 0.032149 seconds
  Import took 0.045873 seconds .

========================================================================
Received Import Request.
  Time since last request: 128.389051 seconds.
  path: Assets/Game.unity
  artifactKey: Guid(2e96ba9e5beee3d41bfb9bfb55be753c) Importer(815301076,1909f56bfc062723c751e8b465ee728b)
Start importing Assets/Game.unity using Guid(2e96ba9e5beee3d41bfb9bfb55be753c) Importer(815301076,1909f56bfc062723c751e8b465ee728b)  -> (artifact id: '7a90d76b4f2091449e01fe8407189224') in 0.028918 seconds
  Import took 0.047871 seconds .

========================================================================
Received Prepare
Registering precompiled user dll's ...
Registered in 0.005307 seconds.
Begin MonoManager ReloadAssembly
Native extension for WindowsStandalone target not found
Native extension for WebGL target not found
Refreshing native plugins compatible for Editor in 0.86 ms, found 0 plugins.
Preloading 0 native plugins for Editor in 0.00 ms.
Mono: successfully reloaded assembly
- Completed reload, in  5.144 seconds
Platform modules already initialized, skipping
Refreshing native plugins compatible for Editor in 0.84 ms, found 0 plugins.
Preloading 0 native plugins for Editor in 0.00 ms.
Unloading 1203 Unused Serialized files (Serialized files now loaded: 0)
System memory in use before: 132.7 MB.
System memory in use after: 132.7 MB.

Unloading 5 unused Assets to reduce memory usage. Loaded Objects now: 1669.
Total: 8.992700 ms (FindLiveObjects: 1.222800 ms CreateObjectMapping: 0.356200 ms MarkObjects: 7.087000 ms  DeleteObjects: 0.319000 ms)

========================================================================
Received Import Request.
  Time since last request: 214.348208 seconds.
  path: Assets/Scripts/GameOver.cs
  artifactKey: Guid(277c07b197a47fa4a9a9182dd3c45fea) Importer(815301076,1909f56bfc062723c751e8b465ee728b)
Start importing Assets/Scripts/GameOver.cs using Guid(277c07b197a47fa4a9a9182dd3c45fea) Importer(815301076,1909f56bfc062723c751e8b465ee728b)  -> (artifact id: '8098c7c1a9a68bdce01bd90278a88e50') in 0.032625 seconds
  Import took 0.043305 seconds .

========================================================================
Received Prepare
Registering precompiled user dll's ...
Registered in 0.003170 seconds.
Begin MonoManager ReloadAssembly
Native extension for WindowsStandalone target not found
Native extension for WebGL target not found
Refreshing native plugins compatible for Editor in 1.07 ms, found 0 plugins.
Preloading 0 native plugins for Editor in 0.00 ms.
Mono: successfully reloaded assembly
- Completed reload, in  4.331 seconds
Platform modules already initialized, skipping
Refreshing native plugins compatible for Editor in 1.13 ms, found 0 plugins.
Preloading 0 native plugins for Editor in 0.00 ms.
Unloading 1204 Unused Serialized files (Serialized files now loaded: 0)
System memory in use before: 132.7 MB.
System memory in use after: 132.8 MB.

Unloading 5 unused Assets to reduce memory usage. Loaded Objects now: 1673.
Total: 18.898800 ms (FindLiveObjects: 2.467300 ms CreateObjectMapping: 0.379200 ms MarkObjects: 15.734500 ms  DeleteObjects: 0.308800 ms)

========================================================================
Received Import Request.
  Time since last request: 59.713650 seconds.
  path: Assets/Scripts/GameOver.cs
  artifactKey: Guid(277c07b197a47fa4a9a9182dd3c45fea) Importer(815301076,1909f56bfc062723c751e8b465ee728b)
Start importing Assets/Scripts/GameOver.cs using Guid(277c07b197a47fa4a9a9182dd3c45fea) Importer(815301076,1909f56bfc062723c751e8b465ee728b)  -> (artifact id: '1c5ba9bd13b0a2d2782cec17208be7b9') in 0.032452 seconds
  Import took 0.042686 seconds .

========================================================================
Received Import Request.
  Time since last request: 0.535729 seconds.
  path: Assets/teste.unity
  artifactKey: Guid(4a44ceb4ff298b8498027ff6b470e226) Importer(815301076,1909f56bfc062723c751e8b465ee728b)
Start importing Assets/teste.unity using Guid(4a44ceb4ff298b8498027ff6b470e226) Importer(815301076,1909f56bfc062723c751e8b465ee728b)  -> (artifact id: 'ae92ce31271472570bf75eecac9633df') in 0.051083 seconds
  Import took 0.061788 seconds .

========================================================================
Received Import Request.
  Time since last request: 3.359373 seconds.
  path: Assets/GameOver.unity
  artifactKey: Guid(7fea38769e63e354f8231459e0fbd901) Importer(815301076,1909f56bfc062723c751e8b465ee728b)
Start importing Assets/GameOver.unity using Guid(7fea38769e63e354f8231459e0fbd901) Importer(815301076,1909f56bfc062723c751e8b465ee728b)  -> (artifact id: '1cc35f6c0d1a6d1f8e48a8a8fd19af9f') in 0.011916 seconds
  Import took 0.026067 seconds .

========================================================================
Received Import Request.
  Time since last request: 61.467203 seconds.
  path: Assets/GameOver.unity
  artifactKey: Guid(7fea38769e63e354f8231459e0fbd901) Importer(815301076,1909f56bfc062723c751e8b465ee728b)
Start importing Assets/GameOver.unity using Guid(7fea38769e63e354f8231459e0fbd901) Importer(815301076,1909f56bfc062723c751e8b465ee728b)  -> (artifact id: 'd7e587407b49ac51d475a91e9c33da90') in 0.008724 seconds
  Import took 0.017661 seconds .

========================================================================
Received Prepare
Registering precompiled user dll's ...
Registered in 0.003838 seconds.
Begin MonoManager ReloadAssembly
Native extension for WindowsStandalone target not found
Native extension for WebGL target not found
Refreshing native plugins compatible for Editor in 1.34 ms, found 0 plugins.
Preloading 0 native plugins for Editor in 0.00 ms.
Mono: successfully reloaded assembly
- Completed reload, in  5.119 seconds
Platform modules already initialized, skipping
Refreshing native plugins compatible for Editor in 1.25 ms, found 0 plugins.
Preloading 0 native plugins for Editor in 0.00 ms.
Unloading 1204 Unused Serialized files (Serialized files now loaded: 0)
System memory in use before: 132.7 MB.
System memory in use after: 132.8 MB.

Unloading 5 unused Assets to reduce memory usage. Loaded Objects now: 1676.
Total: 21.463700 ms (FindLiveObjects: 1.564300 ms CreateObjectMapping: 0.484300 ms MarkObjects: 18.851300 ms  DeleteObjects: 0.554000 ms)

========================================================================
Received Prepare
Registering precompiled user dll's ...
Registered in 0.003383 seconds.
Begin MonoManager ReloadAssembly
Native extension for WindowsStandalone target not found
Native extension for WebGL target not found
Refreshing native plugins compatible for Editor in 0.96 ms, found 0 plugins.
Preloading 0 native plugins for Editor in 0.00 ms.
Mono: successfully reloaded assembly
- Completed reload, in  4.303 seconds
Platform modules already initialized, skipping
Refreshing native plugins compatible for Editor in 1.01 ms, found 0 plugins.
Preloading 0 native plugins for Editor in 0.00 ms.
Unloading 1204 Unused Serialized files (Serialized files now loaded: 0)
System memory in use before: 132.7 MB.
System memory in use after: 132.8 MB.

Unloading 5 unused Assets to reduce memory usage. Loaded Objects now: 1679.
Total: 18.945100 ms (FindLiveObjects: 1.120400 ms CreateObjectMapping: 0.334800 ms MarkObjects: 16.381400 ms  DeleteObjects: 1.099000 ms)

========================================================================
Received Import Request.
  Time since last request: 139.053818 seconds.
  path: Assets/Scripts/ZombieIA.cs
  artifactKey: Guid(e45da7bd764233f49ad16b37a481011c) Importer(815301076,1909f56bfc062723c751e8b465ee728b)
Start importing Assets/Scripts/ZombieIA.cs using Guid(e45da7bd764233f49ad16b37a481011c) Importer(815301076,1909f56bfc062723c751e8b465ee728b)  -> (artifact id: 'f1d212ba0a43565f21618b99adf72856') in 0.060646 seconds
  Import took 0.097920 seconds .

========================================================================
Received Import Request.
  Time since last request: 0.001831 seconds.
  path: Assets/Scripts/ZombieDeath.cs
  artifactKey: Guid(d8c73d9e3e2c85644b3da12f9374de8c) Importer(815301076,1909f56bfc062723c751e8b465ee728b)
Start importing Assets/Scripts/ZombieDeath.cs using Guid(d8c73d9e3e2c85644b3da12f9374de8c) Importer(815301076,1909f56bfc062723c751e8b465ee728b)  -> (artifact id: 'bf00f180d0ab839cd12e2e9d93e0cbfe') in 0.018083 seconds
  Import took 0.047058 seconds .

========================================================================
Received Prepare
Registering precompiled user dll's ...
Registered in 0.002405 seconds.
Begin MonoManager ReloadAssembly
Native extension for WindowsStandalone target not found
Native extension for WebGL target not found
Refreshing native plugins compatible for Editor in 0.82 ms, found 0 plugins.
Preloading 0 native plugins for Editor in 0.00 ms.
Mono: successfully reloaded assembly
- Completed reload, in  4.123 seconds
Platform modules already initialized, skipping
Refreshing native plugins compatible for Editor in 0.92 ms, found 0 plugins.
Preloading 0 native plugins for Editor in 0.00 ms.
Unloading 1204 Unused Serialized files (Serialized files now loaded: 0)
System memory in use before: 132.7 MB.
System memory in use after: 132.8 MB.

Unloading 5 unused Assets to reduce memory usage. Loaded Objects now: 1682.
Total: 10.005700 ms (FindLiveObjects: 0.893000 ms CreateObjectMapping: 0.358100 ms MarkObjects: 8.479500 ms  DeleteObjects: 0.263600 ms)

========================================================================
Received Import Request.
  Time since last request: 56.119065 seconds.
  path: Assets/Game.unity
  artifactKey: Guid(2e96ba9e5beee3d41bfb9bfb55be753c) Importer(815301076,1909f56bfc062723c751e8b465ee728b)
Start importing Assets/Game.unity using Guid(2e96ba9e5beee3d41bfb9bfb55be753c) Importer(815301076,1909f56bfc062723c751e8b465ee728b)  -> (artifact id: '2c0abc05862639dce07ec84573bf1081') in 0.066861 seconds
  Import took 0.079267 seconds .

========================================================================
Received Import Request.
  Time since last request: 11.531763 seconds.
  path: Assets/Game.unity
  artifactKey: Guid(2e96ba9e5beee3d41bfb9bfb55be753c) Importer(815301076,1909f56bfc062723c751e8b465ee728b)
Start importing Assets/Game.unity using Guid(2e96ba9e5beee3d41bfb9bfb55be753c) Importer(815301076,1909f56bfc062723c751e8b465ee728b)  -> (artifact id: '2c0abc05862639dce07ec84573bf1081') in 0.011448 seconds
  Import took 0.022328 seconds .

========================================================================
Received Prepare
Registering precompiled user dll's ...
Registered in 0.006040 seconds.
Begin MonoManager ReloadAssembly
Native extension for WindowsStandalone target not found
Native extension for WebGL target not found
Refreshing native plugins compatible for Editor in 9.71 ms, found 0 plugins.
Preloading 0 native plugins for Editor in 0.00 ms.
Mono: successfully reloaded assembly
- Completed reload, in  4.894 seconds
Platform modules already initialized, skipping
Refreshing native plugins compatible for Editor in 0.91 ms, found 0 plugins.
Preloading 0 native plugins for Editor in 0.00 ms.
Unloading 1204 Unused Serialized files (Serialized files now loaded: 0)
System memory in use before: 132.8 MB.
System memory in use after: 132.8 MB.

Unloading 5 unused Assets to reduce memory usage. Loaded Objects now: 1685.
Total: 7.575500 ms (FindLiveObjects: 0.804500 ms CreateObjectMapping: 0.280900 ms MarkObjects: 6.241800 ms  DeleteObjects: 0.238800 ms)

========================================================================
Received Prepare
Registering precompiled user dll's ...
Registered in 0.002273 seconds.
Begin MonoManager ReloadAssembly
Native extension for WindowsStandalone target not found
Native extension for WebGL target not found
Refreshing native plugins compatible for Editor in 1.03 ms, found 0 plugins.
Preloading 0 native plugins for Editor in 0.00 ms.
Mono: successfully reloaded assembly
- Completed reload, in  4.312 seconds
Platform modules already initialized, skipping
Refreshing native plugins compatible for Editor in 1.75 ms, found 0 plugins.
Preloading 0 native plugins for Editor in 0.00 ms.
Unloading 1204 Unused Serialized files (Serialized files now loaded: 0)
System memory in use before: 132.8 MB.
System memory in use after: 132.8 MB.

Unloading 5 unused Assets to reduce memory usage. Loaded Objects now: 1688.
Total: 11.565600 ms (FindLiveObjects: 1.619700 ms CreateObjectMapping: 0.569300 ms MarkObjects: 9.093400 ms  DeleteObjects: 0.264100 ms)

========================================================================
Received Prepare
Refreshing native plugins compatible for Editor in 1.76 ms, found 0 plugins.
Preloading 0 native plugins for Editor in 0.00 ms.
Unloading 3 Unused Serialized files (Serialized files now loaded: 0)
System memory in use before: 108.9 MB.
System memory in use after: 109.0 MB.

Unloading 3 unused Assets to reduce memory usage. Loaded Objects now: 1688.
Total: 3.346200 ms (FindLiveObjects: 0.179800 ms CreateObjectMapping: 0.053800 ms MarkObjects: 2.978900 ms  DeleteObjects: 0.129900 ms)

========================================================================
Received Prepare
Registering precompiled user dll's ...
Registered in 0.001666 seconds.
Begin MonoManager ReloadAssembly
Native extension for WindowsStandalone target not found
Native extension for WebGL target not found
Refreshing native plugins compatible for Editor in 0.84 ms, found 0 plugins.
Preloading 0 native plugins for Editor in 0.00 ms.
Mono: successfully reloaded assembly
- Completed reload, in  2.959 seconds
Platform modules already initialized, skipping
Refreshing native plugins compatible for Editor in 0.92 ms, found 0 plugins.
Preloading 0 native plugins for Editor in 0.00 ms.
Unloading 1204 Unused Serialized files (Serialized files now loaded: 0)
System memory in use before: 133.3 MB.
System memory in use after: 133.4 MB.

Unloading 5 unused Assets to reduce memory usage. Loaded Objects now: 1691.
Total: 14.919700 ms (FindLiveObjects: 0.585900 ms CreateObjectMapping: 0.270000 ms MarkObjects: 13.598900 ms  DeleteObjects: 0.455700 ms)

========================================================================
Received Import Request.
  Time since last request: 474.602646 seconds.
  path: Assets/Menu.unity
  artifactKey: Guid(ab9e7e0900800294e93a77ce48253ba5) Importer(815301076,1909f56bfc062723c751e8b465ee728b)
Start importing Assets/Menu.unity using Guid(ab9e7e0900800294e93a77ce48253ba5) Importer(815301076,1909f56bfc062723c751e8b465ee728b)  -> (artifact id: '58c17da05bb7a08413f82f4afb1e2326') in 0.054999 seconds
  Import took 0.065899 seconds .

========================================================================
Received Import Request.
  Time since last request: 0.000799 seconds.
  path: Assets/GameOver.unity
  artifactKey: Guid(7fea38769e63e354f8231459e0fbd901) Importer(815301076,1909f56bfc062723c751e8b465ee728b)
Start importing Assets/GameOver.unity using Guid(7fea38769e63e354f8231459e0fbd901) Importer(815301076,1909f56bfc062723c751e8b465ee728b)  -> (artifact id: '906c49e5c1f8d24a775d1cd200df291e') in 0.011519 seconds
  Import took 0.019573 seconds .

========================================================================
Received Import Request.
  Time since last request: 0.031738 seconds.
  path: Assets/GameOver.unity
  artifactKey: Guid(7fea38769e63e354f8231459e0fbd901) Importer(815301076,1909f56bfc062723c751e8b465ee728b)
Start importing Assets/GameOver.unity using Guid(7fea38769e63e354f8231459e0fbd901) Importer(815301076,1909f56bfc062723c751e8b465ee728b)  -> (artifact id: '906c49e5c1f8d24a775d1cd200df291e') in 0.011549 seconds
  Import took 0.018234 seconds .

========================================================================
Received Prepare
Registering precompiled user dll's ...
Registered in 0.001822 seconds.
Begin MonoManager ReloadAssembly
Native extension for WindowsStandalone target not found
Native extension for WebGL target not found
Refreshing native plugins compatible for Editor in 0.98 ms, found 0 plugins.
Preloading 0 native plugins for Editor in 0.00 ms.
Mono: successfully reloaded assembly
- Completed reload, in  3.075 seconds
Platform modules already initialized, skipping
Refreshing native plugins compatible for Editor in 1.07 ms, found 0 plugins.
Preloading 0 native plugins for Editor in 0.00 ms.
Unloading 1204 Unused Serialized files (Serialized files now loaded: 0)
System memory in use before: 133.3 MB.
System memory in use after: 133.4 MB.

Unloading 5 unused Assets to reduce memory usage. Loaded Objects now: 1694.
Total: 6.445500 ms (FindLiveObjects: 0.631200 ms CreateObjectMapping: 0.227600 ms MarkObjects: 5.307400 ms  DeleteObjects: 0.272800 ms)

========================================================================
Received Prepare
Registering precompiled user dll's ...
Registered in 0.002197 seconds.
Begin MonoManager ReloadAssembly
Native extension for WindowsStandalone target not found
Native extension for WebGL target not found
Refreshing native plugins compatible for Editor in 0.62 ms, found 0 plugins.
Preloading 0 native plugins for Editor in 0.00 ms.
Mono: successfully reloaded assembly
- Completed reload, in  2.886 seconds
Platform modules already initialized, skipping
Refreshing native plugins compatible for Editor in 0.67 ms, found 0 plugins.
Preloading 0 native plugins for Editor in 0.00 ms.
Unloading 1204 Unused Serialized files (Serialized files now loaded: 0)
System memory in use before: 133.3 MB.
System memory in use after: 133.4 MB.

Unloading 5 unused Assets to reduce memory usage. Loaded Objects now: 1697.
Total: 6.799000 ms (FindLiveObjects: 0.484700 ms CreateObjectMapping: 0.156400 ms MarkObjects: 5.854900 ms  DeleteObjects: 0.297800 ms)

========================================================================
Received Prepare
Refreshing native plugins compatible for Editor in 5.40 ms, found 0 plugins.
Preloading 0 native plugins for Editor in 0.00 ms.
Unloading 3 Unused Serialized files (Serialized files now loaded: 0)
System memory in use before: 109.5 MB.
System memory in use after: 109.6 MB.

Unloading 3 unused Assets to reduce memory usage. Loaded Objects now: 1697.
Total: 20.276900 ms (FindLiveObjects: 0.596800 ms CreateObjectMapping: 0.870700 ms MarkObjects: 18.175500 ms  DeleteObjects: 0.624400 ms)

========================================================================
Received Prepare
Refreshing native plugins compatible for Editor in 5.40 ms, found 0 plugins.
Preloading 0 native plugins for Editor in 0.00 ms.
Unloading 3 Unused Serialized files (Serialized files now loaded: 0)
System memory in use before: 109.5 MB.
System memory in use after: 109.6 MB.

Unloading 3 unused Assets to reduce memory usage. Loaded Objects now: 1697.
Total: 27.071300 ms (FindLiveObjects: 1.377400 ms CreateObjectMapping: 0.456000 ms MarkObjects: 24.432500 ms  DeleteObjects: 0.793600 ms)

========================================================================
Received Prepare
Refreshing native plugins compatible for Editor in 5.17 ms, found 0 plugins.
Preloading 0 native plugins for Editor in 0.00 ms.
Unloading 3 Unused Serialized files (Serialized files now loaded: 0)
System memory in use before: 109.5 MB.
System memory in use after: 109.6 MB.

Unloading 3 unused Assets to reduce memory usage. Loaded Objects now: 1697.
Total: 59.781200 ms (FindLiveObjects: 3.046200 ms CreateObjectMapping: 1.175200 ms MarkObjects: 55.184100 ms  DeleteObjects: 0.365900 ms)

========================================================================
Received Import Request.
  Time since last request: 1255.437065 seconds.
  path: Assets/Game.unity
  artifactKey: Guid(2e96ba9e5beee3d41bfb9bfb55be753c) Importer(815301076,1909f56bfc062723c751e8b465ee728b)
Start importing Assets/Game.unity using Guid(2e96ba9e5beee3d41bfb9bfb55be753c) Importer(815301076,1909f56bfc062723c751e8b465ee728b)  -> (artifact id: '7e42126262a1a162c469223f6d7d6cec') in 0.081999 seconds
  Import took 0.092860 seconds .

========================================================================
Received Import Request.
  Time since last request: 385.333827 seconds.
  path: Assets/Scripts/FireWeapon.cs
  artifactKey: Guid(3bda51fd806c4ca42b8bad3f54659198) Importer(815301076,1909f56bfc062723c751e8b465ee728b)
Start importing Assets/Scripts/FireWeapon.cs using Guid(3bda51fd806c4ca42b8bad3f54659198) Importer(815301076,1909f56bfc062723c751e8b465ee728b)  -> (artifact id: '01e55c96c40f75db473eb8df33528026') in 0.010920 seconds
  Import took 0.018554 seconds .

AssetImportWorkerClient::OnTransportError - code=2 error=End of file
